# JRE version: Java(TM) SE Runtime Environment (11.0.5+10) (build 11.0.5+10-LTS)
# Java VM: Java HotSpot(TM) 64-Bit Server VM (11.0.5+10-LTS, mixed mode, tiered, compressed oops, g1 gc, bsd-amd64)
Heap:
 garbage-first heap   total 655360K, used 28678K [0x0000000580000000, 0x0000000800000000)
  region size 2048K, 11 young (22528K), 3 survivors (6144K)
 Metaspace       used 33677K, capacity 34823K, committed 35200K, reserved 1079296K
  class space    used 4117K, capacity 4610K, committed 4736K, reserved 1048576K
GC Heap History (6 events):
Event: 0.765 GC heap before
{Heap before GC invocations=0 (full 0):
 garbage-first heap   total 655360K, used 30720K [0x0000000580000000, 0x0000000800000000)
  region size 2048K, 16 young (32768K), 0 survivors (0K)
 Metaspace       used 13037K, capacity 13394K, committed 13696K, reserved 1060864K
  class space    used 1392K, capacity 1560K, committed 1664K, reserved 1048576K
}
Event: 0.768 GC heap after
{Heap after GC invocations=1 (full 0):
 garbage-first heap   total 655360K, used 4092K [0x0000000580000000, 0x0000000800000000)
  region size 2048K, 2 young (4096K), 2 survivors (4096K)
 Metaspace       used 13037K, capacity 13394K, committed 13696K, reserved 1060864K
  class space    used 1392K, capacity 1560K, committed 1664K, reserved 1048576K
}
Event: 1.319 GC heap before
{Heap before GC invocations=1 (full 0):
 garbage-first heap   total 655360K, used 26620K [0x0000000580000000, 0x0000000800000000)
  region size 2048K, 14 young (28672K), 2 survivors (4096K)
 Metaspace       used 20561K, capacity 21104K, committed 21248K, reserved 1067008K
  class space    used 2455K, capacity 2702K, committed 2816K, reserved 1048576K
}
Event: 1.323 GC heap after
{Heap after GC invocations=2 (full 0):
 garbage-first heap   total 655360K, used 7350K [0x0000000580000000, 0x0000000800000000)
  region size 2048K, 2 young (4096K), 2 survivors (4096K)
 Metaspace       used 20561K, capacity 21104K, committed 21248K, reserved 1067008K
  class space    used 2455K, capacity 2702K, committed 2816K, reserved 1048576K
}
Event: 6.377 GC heap before
{Heap before GC invocations=3 (full 0):
 garbage-first heap   total 655360K, used 46262K [0x0000000580000000, 0x0000000800000000)
  region size 2048K, 19 young (38912K), 2 survivors (4096K)
 Metaspace       used 31489K, capacity 32640K, committed 33024K, reserved 1077248K
  class space    used 3992K, capacity 4487K, committed 4608K, reserved 1048576K
}
Event: 6.385 GC heap after
{Heap after GC invocations=4 (full 0):
 garbage-first heap   total 655360K, used 14342K [0x0000000580000000, 0x0000000800000000)
  region size 2048K, 3 young (6144K), 3 survivors (6144K)
 Metaspace       used 31489K, capacity 32640K, committed 33024K, reserved 1077248K
  class space    used 3992K, capacity 4487K, committed 4608K, reserved 1048576K
}

